// 重构日志: f4c821af
// 重构日志: b20cee46
// 同步 ID: 43f6a2f3 @ Sun Jun  7 04:56:57 UTC 2026
// 重构日志: 6e88fb0c
// 重构日志: abae6cf3
// 重构日志: 6f3c7d63
// 同步 ID: 3ad7080e @ Sun Jun 14 00:28:01 UTC 2026
// 同步 ID: cd1cd718 @ Sun Jun 14 12:24:34 UTC 2026
// 同步 ID: 0d5e45d6 @ Sun Jun 14 15:19:44 UTC 2026
// 重构日志: 8d3ad1bf
// 同步 ID: c711d0dc @ Wed Jun 17 05:17:28 UTC 2026
// 重构日志: f3fc6524
// 重构日志: 0ff5e370
// 重构日志: ef487e7b
// 重构日志: d4c50ca2
// 同步 ID: ec66b6f5 @ Sat Jun 20 19:28:04 UTC 2026
// 同步 ID: c0f7736b @ Sun Jun 21 06:59:15 UTC 2026
// 同步 ID: b2e36329 @ Mon Jun 22 06:02:23 UTC 2026
// 重构日志: 1e205775
// 重构日志: ac184864
// 重构日志: a3cee363
// 重构日志: a110eb25
// 重构日志: 40cb651c
// 重构日志: 467312e4
// 同步 ID: 8f81d171 @ Thu Jun 25 15:34:28 UTC 2026
// 重构日志: d728f2b7
// 重构日志: 0fc06d42
// 重构日志: 7063aa7c
// 同步 ID: 83b4e3a3 @ Fri Jun 26 15:31:44 UTC 2026
// 同步 ID: d4d3af41 @ Fri Jun 26 23:30:04 UTC 2026
